<?xml version="1.0" encoding="UTF-8"?>
<!-- Generated by org.testng.reporters.JUnitReportReporter -->
<testsuite skipped="1" hostname="TILLT000869" name="DemoPackage.TC_01Test" tests="1" failures="0" timestamp="02 Oct 2018 19:56:51 GMT" time="0.000" errors="0">
  <testcase name="ClickTest" time="0.000" classname="DemoPackage.TC_01Test">
    <skipped/>
  </testcase> <!-- ClickTest -->
</testsuite> <!-- DemoPackage.TC_01Test -->
